# JRE version: OpenJDK Runtime Environment (17.0.6) (build 17.0.6+0-b2043.56-10027231)
# Java VM: OpenJDK 64-Bit Server VM (17.0.6+0-b2043.56-10027231, mixed mode, tiered, compressed oops, compressed class ptrs, g1 gc, windows-amd64)
GC Precious Log:
 CPUs: 4 total, 4 available
 Memory: 7794M
 Large Page Support: Disabled
 NUMA Support: Disabled
 Compressed Oops: Enabled (32-bit)
 Heap Region Size: 1M
 Heap Min Capacity: 8M
 Heap Initial Capacity: 122M
 Heap Max Capacity: 2G
 Pre-touch: Disabled
 Parallel Workers: 4
 Concurrent Workers: 1
 Concurrent Refinement Workers: 4
 Periodic GC: Disabled
Heap:
 garbage-first heap   total 82944K, used 54532K [0x0000000080000000, 0x0000000100000000)
  region size 1024K, 28 young (28672K), 5 survivors (5120K)
 Metaspace       used 51732K, committed 52160K, reserved 1097728K
  class space    used 6919K, committed 7104K, reserved 1048576K
GC Heap History (20 events):
Event: 1.719 GC heap before
{Heap before GC invocations=1 (full 0):
 garbage-first heap   total 124928K, used 22013K [0x0000000080000000, 0x0000000100000000)
  region size 1024K, 17 young (17408K), 2 survivors (2048K)
 Metaspace       used 11082K, committed 11264K, reserved 1064960K
  class space    used 1160K, committed 1280K, reserved 1048576K
}
Event: 1.727 GC heap after
{Heap after GC invocations=2 (full 0):
 garbage-first heap   total 124928K, used 10671K [0x0000000080000000, 0x0000000100000000)
  region size 1024K, 3 young (3072K), 3 survivors (3072K)
 Metaspace       used 11082K, committed 11264K, reserved 1064960K
  class space    used 1160K, committed 1280K, reserved 1048576K
}
Event: 2.365 GC heap before
{Heap before GC invocations=2 (full 0):
 garbage-first heap   total 124928K, used 33199K [0x0000000080000000, 0x0000000100000000)
  region size 1024K, 24 young (24576K), 3 survivors (3072K)
 Metaspace       used 11173K, committed 11392K, reserved 1064960K
  class space    used 1160K, committed 1280K, reserved 1048576K
}
Event: 2.373 GC heap after
{Heap after GC invocations=3 (full 0):
 garbage-first heap   total 124928K, used 12953K [0x0000000080000000, 0x0000000100000000)
  region size 1024K, 3 young (3072K), 3 survivors (3072K)
 Metaspace       used 11173K, committed 11392K, reserved 1064960K
  class space    used 1160K, committed 1280K, reserved 1048576K
}
Event: 4.759 GC heap before
{Heap before GC invocations=3 (full 0):
 garbage-first heap   total 124928K, used 52889K [0x0000000080000000, 0x0000000100000000)
  region size 1024K, 43 young (44032K), 3 survivors (3072K)
 Metaspace       used 21249K, committed 21504K, reserved 1073152K
  class space    used 2586K, committed 2752K, reserved 1048576K
}
Event: 4.775 GC heap after
{Heap after GC invocations=4 (full 0):
 garbage-first heap   total 124928K, used 18787K [0x0000000080000000, 0x0000000100000000)
  region size 1024K, 8 young (8192K), 8 survivors (8192K)
 Metaspace       used 21249K, committed 21504K, reserved 1073152K
  class space    used 2586K, committed 2752K, reserved 1048576K
}
Event: 6.067 GC heap before
{Heap before GC invocations=5 (full 0):
 garbage-first heap   total 68608K, used 50531K [0x0000000080000000, 0x0000000100000000)
  region size 1024K, 40 young (40960K), 8 survivors (8192K)
 Metaspace       used 26285K, committed 26560K, reserved 1073152K
  class space    used 3460K, committed 3584K, reserved 1048576K
}
Event: 6.086 GC heap after
{Heap after GC invocations=6 (full 0):
 garbage-first heap   total 68608K, used 20576K [0x0000000080000000, 0x0000000100000000)
  region size 1024K, 3 young (3072K), 3 survivors (3072K)
 Metaspace       used 26285K, committed 26560K, reserved 1073152K
  class space    used 3460K, committed 3584K, reserved 1048576K
}
Event: 7.251 GC heap before
{Heap before GC invocations=6 (full 0):
 garbage-first heap   total 68608K, used 46176K [0x0000000080000000, 0x0000000100000000)
  region size 1024K, 29 young (29696K), 3 survivors (3072K)
 Metaspace       used 30423K, committed 30720K, reserved 1081344K
  class space    used 4132K, committed 4288K, reserved 1048576K
}
Event: 7.264 GC heap after
{Heap after GC invocations=7 (full 0):
 garbage-first heap   total 68608K, used 21795K [0x0000000080000000, 0x0000000100000000)
  region size 1024K, 4 young (4096K), 4 survivors (4096K)
 Metaspace       used 30423K, committed 30720K, reserved 1081344K
  class space    used 4132K, committed 4288K, reserved 1048576K
}
Event: 8.775 GC heap before
{Heap before GC invocations=7 (full 0):
 garbage-first heap   total 68608K, used 49443K [0x0000000080000000, 0x0000000100000000)
  region size 1024K, 31 young (31744K), 4 survivors (4096K)
 Metaspace       used 35159K, committed 35584K, reserved 1081344K
  class space    used 4849K, committed 5056K, reserved 1048576K
}
Event: 8.787 GC heap after
{Heap after GC invocations=8 (full 0):
 garbage-first heap   total 82944K, used 23649K [0x0000000080000000, 0x0000000100000000)
  region size 1024K, 4 young (4096K), 4 survivors (4096K)
 Metaspace       used 35159K, committed 35584K, reserved 1081344K
  class space    used 4849K, committed 5056K, reserved 1048576K
}
Event: 8.988 GC heap before
{Heap before GC invocations=8 (full 0):
 garbage-first heap   total 82944K, used 25697K [0x0000000080000000, 0x0000000100000000)
  region size 1024K, 7 young (7168K), 4 survivors (4096K)
 Metaspace       used 35626K, committed 35968K, reserved 1081344K
  class space    used 4873K, committed 5056K, reserved 1048576K
}
Event: 9.002 GC heap after
{Heap after GC invocations=9 (full 0):
 garbage-first heap   total 82944K, used 24088K [0x0000000080000000, 0x0000000100000000)
  region size 1024K, 3 young (3072K), 3 survivors (3072K)
 Metaspace       used 35626K, committed 35968K, reserved 1081344K
  class space    used 4873K, committed 5056K, reserved 1048576K
}
Event: 17.551 GC heap before
{Heap before GC invocations=10 (full 0):
 garbage-first heap   total 82944K, used 56856K [0x0000000080000000, 0x0000000100000000)
  region size 1024K, 36 young (36864K), 3 survivors (3072K)
 Metaspace       used 40640K, committed 40960K, reserved 1089536K
  class space    used 5383K, committed 5504K, reserved 1048576K
}
Event: 17.604 GC heap after
{Heap after GC invocations=11 (full 0):
 garbage-first heap   total 82944K, used 27842K [0x0000000080000000, 0x0000000100000000)
  region size 1024K, 5 young (5120K), 5 survivors (5120K)
 Metaspace       used 40640K, committed 40960K, reserved 1089536K
  class space    used 5383K, committed 5504K, reserved 1048576K
}
Event: 20.066 GC heap before
{Heap before GC invocations=11 (full 0):
 garbage-first heap   total 82944K, used 63682K [0x0000000080000000, 0x0000000100000000)
  region size 1024K, 36 young (36864K), 5 survivors (5120K)
 Metaspace       used 44489K, committed 44928K, reserved 1089536K
  class space    used 5749K, committed 5952K, reserved 1048576K
}
Event: 20.083 GC heap after
{Heap after GC invocations=12 (full 0):
 garbage-first heap   total 82944K, used 30259K [0x0000000080000000, 0x0000000100000000)
  region size 1024K, 3 young (3072K), 3 survivors (3072K)
 Metaspace       used 44489K, committed 44928K, reserved 1089536K
  class space    used 5749K, committed 5952K, reserved 1048576K
}
Event: 22.999 GC heap before
{Heap before GC invocations=12 (full 0):
 garbage-first heap   total 82944K, used 60979K [0x0000000080000000, 0x0000000100000000)
  region size 1024K, 33 young (33792K), 3 survivors (3072K)
 Metaspace       used 48510K, committed 48960K, reserved 1097728K
  class space    used 6442K, committed 6656K, reserved 1048576K
}
Event: 23.009 GC heap after
{Heap after GC invocations=13 (full 0):
 garbage-first heap   total 82944K, used 32004K [0x0000000080000000, 0x0000000100000000)
  region size 1024K, 5 young (5120K), 5 survivors (5120K)
 Metaspace       used 48510K, committed 48960K, reserved 1097728K
  class space    used 6442K, committed 6656K, reserved 1048576K
}

